0 info it worked if it ends with ok
1 verbose cli [ '/usr/bin/nodejs',
1 verbose cli   '/usr/bin/npm',
1 verbose cli   'install',
1 verbose cli   '--save',
1 verbose cli   'bufferutil' ]
2 info using npm@3.5.2
3 info using node@v4.2.6
4 silly loadCurrentTree Starting
5 silly install loadCurrentTree
6 silly install readLocalPackageData
7 silly fetchPackageMetaData bufferutil
8 silly fetchNamedPackageData bufferutil
9 silly mapToRegistry name bufferutil
10 silly mapToRegistry using default registry
11 silly mapToRegistry registry https://registry.npmjs.org/
12 silly mapToRegistry uri https://registry.npmjs.org/bufferutil
13 verbose request uri https://registry.npmjs.org/bufferutil
14 verbose request no auth needed
15 info attempt registry request try #1 at 12:21:56 PM
16 verbose request id 9a1e961bc3776476
17 http request GET https://registry.npmjs.org/bufferutil
18 http 200 https://registry.npmjs.org/bufferutil
19 verbose headers { server: 'nginx/1.10.1',
19 verbose headers   'content-type': 'application/json',
19 verbose headers   'last-modified': 'Sun, 27 Nov 2016 07:17:37 GMT',
19 verbose headers   etag: 'W/"583a8891-250b"',
19 verbose headers   'content-encoding': 'gzip',
19 verbose headers   'cache-control': 'max-age=300',
19 verbose headers   'content-length': '2233',
19 verbose headers   'accept-ranges': 'bytes',
19 verbose headers   date: 'Fri, 03 Feb 2017 11:21:56 GMT',
19 verbose headers   via: '1.1 varnish',
19 verbose headers   age: '83',
19 verbose headers   connection: 'keep-alive',
19 verbose headers   'x-served-by': 'cache-bma7028-BMA',
19 verbose headers   'x-cache': 'HIT',
19 verbose headers   'x-cache-hits': '2',
19 verbose headers   'x-timer': 'S1486120916.344197,VS0,VE0',
19 verbose headers   vary: 'Accept-Encoding' }
20 silly get cb [ 200,
20 silly get   { server: 'nginx/1.10.1',
20 silly get     'content-type': 'application/json',
20 silly get     'last-modified': 'Sun, 27 Nov 2016 07:17:37 GMT',
20 silly get     etag: 'W/"583a8891-250b"',
20 silly get     'content-encoding': 'gzip',
20 silly get     'cache-control': 'max-age=300',
20 silly get     'content-length': '2233',
20 silly get     'accept-ranges': 'bytes',
20 silly get     date: 'Fri, 03 Feb 2017 11:21:56 GMT',
20 silly get     via: '1.1 varnish',
20 silly get     age: '83',
20 silly get     connection: 'keep-alive',
20 silly get     'x-served-by': 'cache-bma7028-BMA',
20 silly get     'x-cache': 'HIT',
20 silly get     'x-cache-hits': '2',
20 silly get     'x-timer': 'S1486120916.344197,VS0,VE0',
20 silly get     vary: 'Accept-Encoding' } ]
21 verbose get saving bufferutil to /home/ost/.npm/registry.npmjs.org/bufferutil/.cache.json
22 silly install normalizeTree
23 silly loadCurrentTree Finishing
24 silly loadIdealTree Starting
25 silly install loadIdealTree
26 silly cloneCurrentTree Starting
27 silly install cloneCurrentTreeToIdealTree
28 silly cloneCurrentTree Finishing
29 silly loadShrinkwrap Starting
30 silly install loadShrinkwrap
31 silly loadShrinkwrap Finishing
32 silly loadAllDepsIntoIdealTree Starting
33 silly install loadAllDepsIntoIdealTree
34 silly resolveWithNewModule bufferutil@1.3.0 checking installable status
35 silly cache add args [ 'bufferutil', null ]
36 verbose cache add spec bufferutil
37 silly cache add parsed spec Result {
37 silly cache add   raw: 'bufferutil',
37 silly cache add   scope: null,
37 silly cache add   name: 'bufferutil',
37 silly cache add   rawSpec: '',
37 silly cache add   spec: 'latest',
37 silly cache add   type: 'tag' }
38 silly addNamed bufferutil@latest
39 verbose addNamed "latest" is being treated as a dist-tag for bufferutil
40 info addNameTag [ 'bufferutil', 'latest' ]
41 silly mapToRegistry name bufferutil
42 silly mapToRegistry using default registry
43 silly mapToRegistry registry https://registry.npmjs.org/
44 silly mapToRegistry uri https://registry.npmjs.org/bufferutil
45 verbose addNameTag registry:https://registry.npmjs.org/bufferutil not in flight; fetching
46 verbose get https://registry.npmjs.org/bufferutil not expired, no request
47 silly addNameTag next cb for bufferutil with tag latest
48 silly addNamed bufferutil@1.3.0
49 verbose addNamed "1.3.0" is a plain semver version for bufferutil
50 silly mapToRegistry name bufferutil
51 silly mapToRegistry using default registry
52 silly mapToRegistry registry https://registry.npmjs.org/
53 silly mapToRegistry uri https://registry.npmjs.org/bufferutil
54 verbose addRemoteTarball https://registry.npmjs.org/bufferutil/-/bufferutil-1.3.0.tgz not in flight; adding
55 verbose addRemoteTarball [ 'https://registry.npmjs.org/bufferutil/-/bufferutil-1.3.0.tgz',
55 verbose addRemoteTarball   '69fdf13ad9d91222baee109945faadc431534f86' ]
56 info retry fetch attempt 1 at 12:21:56 PM
57 info attempt registry request try #1 at 12:21:56 PM
58 http fetch GET https://registry.npmjs.org/bufferutil/-/bufferutil-1.3.0.tgz
59 http fetch 200 https://registry.npmjs.org/bufferutil/-/bufferutil-1.3.0.tgz
60 silly fetchAndShaCheck shasum 69fdf13ad9d91222baee109945faadc431534f86
61 verbose addTmpTarball /tmp/npm-11242-e4921204/registry.npmjs.org/bufferutil/-/bufferutil-1.3.0.tgz not in flight; adding
62 verbose addTmpTarball already have metadata; skipping unpack for bufferutil@1.3.0
63 silly cache afterAdd bufferutil@1.3.0
64 verbose afterAdd /home/ost/.npm/bufferutil/1.3.0/package/package.json not in flight; writing
65 verbose afterAdd /home/ost/.npm/bufferutil/1.3.0/package/package.json written
66 silly fetchNamedPackageData bindings
67 silly mapToRegistry name bindings
68 silly mapToRegistry using default registry
69 silly mapToRegistry registry https://registry.npmjs.org/
70 silly mapToRegistry uri https://registry.npmjs.org/bindings
71 silly fetchNamedPackageData nan
72 silly mapToRegistry name nan
73 silly mapToRegistry using default registry
74 silly mapToRegistry registry https://registry.npmjs.org/
75 silly mapToRegistry uri https://registry.npmjs.org/nan
76 verbose request uri https://registry.npmjs.org/bindings
77 verbose request no auth needed
78 info attempt registry request try #1 at 12:21:56 PM
79 http request GET https://registry.npmjs.org/bindings
80 verbose request uri https://registry.npmjs.org/nan
81 verbose request no auth needed
82 info attempt registry request try #1 at 12:21:56 PM
83 http request GET https://registry.npmjs.org/nan
84 http 200 https://registry.npmjs.org/bindings
85 verbose headers { server: 'nginx/1.10.1',
85 verbose headers   'content-type': 'application/json',
85 verbose headers   'last-modified': 'Tue, 18 Oct 2016 15:54:59 GMT',
85 verbose headers   etag: 'W/"580645d3-46f7"',
85 verbose headers   'content-encoding': 'gzip',
85 verbose headers   'cache-control': 'max-age=300',
85 verbose headers   'content-length': '3493',
85 verbose headers   'accept-ranges': 'bytes',
85 verbose headers   date: 'Fri, 03 Feb 2017 11:21:56 GMT',
85 verbose headers   via: '1.1 varnish',
85 verbose headers   age: '89',
85 verbose headers   connection: 'keep-alive',
85 verbose headers   'x-served-by': 'cache-bma7023-BMA',
85 verbose headers   'x-cache': 'HIT',
85 verbose headers   'x-cache-hits': '2',
85 verbose headers   'x-timer': 'S1486120916.603620,VS0,VE0',
85 verbose headers   vary: 'Accept-Encoding' }
86 silly get cb [ 200,
86 silly get   { server: 'nginx/1.10.1',
86 silly get     'content-type': 'application/json',
86 silly get     'last-modified': 'Tue, 18 Oct 2016 15:54:59 GMT',
86 silly get     etag: 'W/"580645d3-46f7"',
86 silly get     'content-encoding': 'gzip',
86 silly get     'cache-control': 'max-age=300',
86 silly get     'content-length': '3493',
86 silly get     'accept-ranges': 'bytes',
86 silly get     date: 'Fri, 03 Feb 2017 11:21:56 GMT',
86 silly get     via: '1.1 varnish',
86 silly get     age: '89',
86 silly get     connection: 'keep-alive',
86 silly get     'x-served-by': 'cache-bma7023-BMA',
86 silly get     'x-cache': 'HIT',
86 silly get     'x-cache-hits': '2',
86 silly get     'x-timer': 'S1486120916.603620,VS0,VE0',
86 silly get     vary: 'Accept-Encoding' } ]
87 verbose get saving bindings to /home/ost/.npm/registry.npmjs.org/bindings/.cache.json
88 silly resolveWithNewModule bindings@1.2.1 checking installable status
89 silly cache add args [ 'bindings@~1.2.1', null ]
90 verbose cache add spec bindings@~1.2.1
91 silly cache add parsed spec Result {
91 silly cache add   raw: 'bindings@~1.2.1',
91 silly cache add   scope: null,
91 silly cache add   name: 'bindings',
91 silly cache add   rawSpec: '~1.2.1',
91 silly cache add   spec: '>=1.2.1 <1.3.0',
91 silly cache add   type: 'range' }
92 silly addNamed bindings@>=1.2.1 <1.3.0
93 verbose addNamed ">=1.2.1 <1.3.0" is a valid semver range for bindings
94 silly addNameRange { name: 'bindings', range: '>=1.2.1 <1.3.0', hasData: false }
95 silly mapToRegistry name bindings
96 silly mapToRegistry using default registry
97 silly mapToRegistry registry https://registry.npmjs.org/
98 silly mapToRegistry uri https://registry.npmjs.org/bindings
99 verbose addNameRange registry:https://registry.npmjs.org/bindings not in flight; fetching
100 http 200 https://registry.npmjs.org/nan
101 verbose headers { server: 'nginx/1.10.1',
101 verbose headers   'content-type': 'application/json',
101 verbose headers   'last-modified': 'Sun, 22 Jan 2017 22:27:41 GMT',
101 verbose headers   etag: 'W/"588531dd-1df56"',
101 verbose headers   'content-encoding': 'gzip',
101 verbose headers   'cache-control': 'max-age=300',
101 verbose headers   'content-length': '14419',
101 verbose headers   'accept-ranges': 'bytes',
101 verbose headers   date: 'Fri, 03 Feb 2017 11:21:56 GMT',
101 verbose headers   via: '1.1 varnish',
101 verbose headers   age: '136',
101 verbose headers   connection: 'keep-alive',
101 verbose headers   'x-served-by': 'cache-bma7021-BMA',
101 verbose headers   'x-cache': 'HIT',
101 verbose headers   'x-cache-hits': '5',
101 verbose headers   'x-timer': 'S1486120916.599460,VS0,VE0',
101 verbose headers   vary: 'Accept-Encoding' }
102 silly get cb [ 200,
102 silly get   { server: 'nginx/1.10.1',
102 silly get     'content-type': 'application/json',
102 silly get     'last-modified': 'Sun, 22 Jan 2017 22:27:41 GMT',
102 silly get     etag: 'W/"588531dd-1df56"',
102 silly get     'content-encoding': 'gzip',
102 silly get     'cache-control': 'max-age=300',
102 silly get     'content-length': '14419',
102 silly get     'accept-ranges': 'bytes',
102 silly get     date: 'Fri, 03 Feb 2017 11:21:56 GMT',
102 silly get     via: '1.1 varnish',
102 silly get     age: '136',
102 silly get     connection: 'keep-alive',
102 silly get     'x-served-by': 'cache-bma7021-BMA',
102 silly get     'x-cache': 'HIT',
102 silly get     'x-cache-hits': '5',
102 silly get     'x-timer': 'S1486120916.599460,VS0,VE0',
102 silly get     vary: 'Accept-Encoding' } ]
103 verbose get saving nan to /home/ost/.npm/registry.npmjs.org/nan/.cache.json
104 verbose get https://registry.npmjs.org/bindings not expired, no request
105 silly addNameRange number 2 { name: 'bindings', range: '>=1.2.1 <1.3.0', hasData: true }
106 silly addNameRange versions [ 'bindings',
106 silly addNameRange   [ '0.0.1',
106 silly addNameRange     '0.1.0',
106 silly addNameRange     '0.1.1',
106 silly addNameRange     '0.2.0',
106 silly addNameRange     '0.2.1',
106 silly addNameRange     '0.2.2',
106 silly addNameRange     '0.2.3',
106 silly addNameRange     '0.2.4',
106 silly addNameRange     '0.3.0',
106 silly addNameRange     '0.4.0',
106 silly addNameRange     '1.0.0',
106 silly addNameRange     '1.1.0',
106 silly addNameRange     '1.1.1',
106 silly addNameRange     '1.2.0',
106 silly addNameRange     '1.2.1' ] ]
107 silly addNamed bindings@1.2.1
108 verbose addNamed "1.2.1" is a plain semver version for bindings
109 silly mapToRegistry name bindings
110 silly mapToRegistry using default registry
111 silly mapToRegistry registry https://registry.npmjs.org/
112 silly mapToRegistry uri https://registry.npmjs.org/bindings
113 verbose addRemoteTarball https://registry.npmjs.org/bindings/-/bindings-1.2.1.tgz not in flight; adding
114 verbose addRemoteTarball [ 'https://registry.npmjs.org/bindings/-/bindings-1.2.1.tgz',
114 verbose addRemoteTarball   '14ad6113812d2d37d72e67b4cacb4bb726505f11' ]
115 info retry fetch attempt 1 at 12:21:56 PM
116 info attempt registry request try #1 at 12:21:56 PM
117 http fetch GET https://registry.npmjs.org/bindings/-/bindings-1.2.1.tgz
118 silly resolveWithNewModule nan@2.4.0 checking installable status
119 silly cache add args [ 'nan@~2.4.0', null ]
120 verbose cache add spec nan@~2.4.0
121 silly cache add parsed spec Result {
121 silly cache add   raw: 'nan@~2.4.0',
121 silly cache add   scope: null,
121 silly cache add   name: 'nan',
121 silly cache add   rawSpec: '~2.4.0',
121 silly cache add   spec: '>=2.4.0 <2.5.0',
121 silly cache add   type: 'range' }
122 silly addNamed nan@>=2.4.0 <2.5.0
123 verbose addNamed ">=2.4.0 <2.5.0" is a valid semver range for nan
124 silly addNameRange { name: 'nan', range: '>=2.4.0 <2.5.0', hasData: false }
125 silly mapToRegistry name nan
126 silly mapToRegistry using default registry
127 silly mapToRegistry registry https://registry.npmjs.org/
128 silly mapToRegistry uri https://registry.npmjs.org/nan
129 verbose addNameRange registry:https://registry.npmjs.org/nan not in flight; fetching
130 verbose get https://registry.npmjs.org/nan not expired, no request
131 silly addNameRange number 2 { name: 'nan', range: '>=2.4.0 <2.5.0', hasData: true }
132 silly addNameRange versions [ 'nan',
132 silly addNameRange   [ '0.3.0-wip',
132 silly addNameRange     '0.3.0-wip2',
132 silly addNameRange     '0.3.0',
132 silly addNameRange     '0.3.1',
132 silly addNameRange     '0.3.2',
132 silly addNameRange     '0.4.0',
132 silly addNameRange     '0.4.1',
132 silly addNameRange     '0.4.2',
132 silly addNameRange     '0.4.3',
132 silly addNameRange     '0.4.4',
132 silly addNameRange     '0.5.0',
132 silly addNameRange     '0.5.1',
132 silly addNameRange     '0.5.2',
132 silly addNameRange     '0.6.0',
132 silly addNameRange     '0.7.0',
132 silly addNameRange     '0.7.1',
132 silly addNameRange     '0.8.0',
132 silly addNameRange     '1.0.0',
132 silly addNameRange     '1.1.0',
132 silly addNameRange     '1.1.1',
132 silly addNameRange     '1.1.2',
132 silly addNameRange     '1.2.0',
132 silly addNameRange     '1.3.0',
132 silly addNameRange     '1.4.0',
132 silly addNameRange     '1.4.1',
132 silly addNameRange     '1.5.0',
132 silly addNameRange     '1.4.2',
132 silly addNameRange     '1.4.3',
132 silly addNameRange     '1.5.1',
132 silly addNameRange     '1.5.2',
132 silly addNameRange     '1.6.0',
132 silly addNameRange     '1.5.3',
132 silly addNameRange     '1.6.1',
132 silly addNameRange     '1.6.2',
132 silly addNameRange     '1.7.0',
132 silly addNameRange     '1.8.0',
132 silly addNameRange     '1.8.1',
132 silly addNameRange     '1.8.2',
132 silly addNameRange     '1.8.3',
132 silly addNameRange     '1.8.4',
132 silly addNameRange     '1.9.0',
132 silly addNameRange     '2.0.0',
132 silly addNameRange     '2.0.1',
132 silly addNameRange     '2.0.2',
132 silly addNameRange     '2.0.3',
132 silly addNameRange     '2.0.4',
132 silly addNameRange     '2.0.5',
132 silly addNameRange     '2.0.6',
132 silly addNameRange     '2.0.7',
132 silly addNameRange     '2.0.8',
132 silly addNameRange     '2.0.9',
132 silly addNameRange     '2.1.0',
132 silly addNameRange     '2.2.0',
132 silly addNameRange     '2.2.1',
132 silly addNameRange     '2.3.0',
132 silly addNameRange     '2.3.1',
132 silly addNameRange     '2.3.2',
132 silly addNameRange     '2.3.3',
132 silly addNameRange     '2.3.4',
132 silly addNameRange     '2.3.5',
132 silly addNameRange     '2.4.0',
132 silly addNameRange     '2.5.0',
132 silly addNameRange     '2.5.1' ] ]
133 silly addNamed nan@2.4.0
134 verbose addNamed "2.4.0" is a plain semver version for nan
135 silly mapToRegistry name nan
136 silly mapToRegistry using default registry
137 silly mapToRegistry registry https://registry.npmjs.org/
138 silly mapToRegistry uri https://registry.npmjs.org/nan
139 verbose addRemoteTarball https://registry.npmjs.org/nan/-/nan-2.4.0.tgz not in flight; adding
140 verbose addRemoteTarball [ 'https://registry.npmjs.org/nan/-/nan-2.4.0.tgz',
140 verbose addRemoteTarball   'fb3c59d45fe4effe215f0b890f8adf6eb32d2232' ]
141 info retry fetch attempt 1 at 12:21:56 PM
142 info attempt registry request try #1 at 12:21:56 PM
143 http fetch GET https://registry.npmjs.org/nan/-/nan-2.4.0.tgz
144 http fetch 200 https://registry.npmjs.org/bindings/-/bindings-1.2.1.tgz
145 silly fetchAndShaCheck shasum 14ad6113812d2d37d72e67b4cacb4bb726505f11
146 verbose addTmpTarball /tmp/npm-11242-e4921204/registry.npmjs.org/bindings/-/bindings-1.2.1.tgz not in flight; adding
147 verbose addTmpTarball already have metadata; skipping unpack for bindings@1.2.1
148 silly cache afterAdd bindings@1.2.1
149 verbose afterAdd /home/ost/.npm/bindings/1.2.1/package/package.json not in flight; writing
150 verbose afterAdd /home/ost/.npm/bindings/1.2.1/package/package.json written
151 http fetch 200 https://registry.npmjs.org/nan/-/nan-2.4.0.tgz
152 silly fetchAndShaCheck shasum fb3c59d45fe4effe215f0b890f8adf6eb32d2232
153 verbose addTmpTarball /tmp/npm-11242-e4921204/registry.npmjs.org/nan/-/nan-2.4.0.tgz not in flight; adding
154 verbose addTmpTarball already have metadata; skipping unpack for nan@2.4.0
155 silly cache afterAdd nan@2.4.0
156 verbose afterAdd /home/ost/.npm/nan/2.4.0/package/package.json not in flight; writing
157 verbose afterAdd /home/ost/.npm/nan/2.4.0/package/package.json written
158 silly loadAllDepsIntoIdealTree Finishing
159 silly idealTree:prePrune IDE
159 silly idealTree:prePrune ├── async@1.5.2
159 silly idealTree:prePrune ├── bindings@1.2.1
159 silly idealTree:prePrune ├── bufferutil@1.3.0
159 silly idealTree:prePrune ├── debug@2.6.0
159 silly idealTree:prePrune ├── minimist@0.0.8
159 silly idealTree:prePrune ├── mkdirp@0.5.1
159 silly idealTree:prePrune ├── ms@0.7.2
159 silly idealTree:prePrune ├── nan@2.4.0
159 silly idealTree:prePrune ├── portfinder@1.0.13
159 silly idealTree:prePrune ├── ultron@1.1.0
159 silly idealTree:prePrune └── ws@2.0.1
160 silly loadIdealTree Finishing
161 silly currentTree IDE
161 silly currentTree ├── async@1.5.2
161 silly currentTree ├── debug@2.6.0
161 silly currentTree ├── minimist@0.0.8
161 silly currentTree ├── mkdirp@0.5.1
161 silly currentTree ├── ms@0.7.2
161 silly currentTree ├── portfinder@1.0.13
161 silly currentTree ├── ultron@1.1.0
161 silly currentTree └── ws@2.0.1
162 silly idealTree IDE
162 silly idealTree ├── async@1.5.2
162 silly idealTree ├── bindings@1.2.1
162 silly idealTree ├── bufferutil@1.3.0
162 silly idealTree ├── debug@2.6.0
162 silly idealTree ├── minimist@0.0.8
162 silly idealTree ├── mkdirp@0.5.1
162 silly idealTree ├── ms@0.7.2
162 silly idealTree ├── nan@2.4.0
162 silly idealTree ├── portfinder@1.0.13
162 silly idealTree ├── ultron@1.1.0
162 silly idealTree └── ws@2.0.1
163 silly generateActionsToTake Starting
164 silly install generateActionsToTake
165 silly generateActionsToTake Finishing
166 silly diffTrees action count 4
167 silly diffTrees add bindings@1.2.1
168 silly diffTrees add nan@2.4.0
169 silly diffTrees add bufferutil@1.3.0
170 silly diffTrees update portfinder@1.0.13
171 silly decomposeActions action count 32
172 silly decomposeActions fetch bindings@1.2.1
173 silly decomposeActions extract bindings@1.2.1
174 silly decomposeActions test bindings@1.2.1
175 silly decomposeActions preinstall bindings@1.2.1
176 silly decomposeActions build bindings@1.2.1
177 silly decomposeActions install bindings@1.2.1
178 silly decomposeActions postinstall bindings@1.2.1
179 silly decomposeActions finalize bindings@1.2.1
180 silly decomposeActions fetch nan@2.4.0
181 silly decomposeActions extract nan@2.4.0
182 silly decomposeActions test nan@2.4.0
183 silly decomposeActions preinstall nan@2.4.0
184 silly decomposeActions build nan@2.4.0
185 silly decomposeActions install nan@2.4.0
186 silly decomposeActions postinstall nan@2.4.0
187 silly decomposeActions finalize nan@2.4.0
188 silly decomposeActions fetch bufferutil@1.3.0
189 silly decomposeActions extract bufferutil@1.3.0
190 silly decomposeActions test bufferutil@1.3.0
191 silly decomposeActions preinstall bufferutil@1.3.0
192 silly decomposeActions build bufferutil@1.3.0
193 silly decomposeActions install bufferutil@1.3.0
194 silly decomposeActions postinstall bufferutil@1.3.0
195 silly decomposeActions finalize bufferutil@1.3.0
196 silly decomposeActions fetch portfinder@1.0.13
197 silly decomposeActions extract portfinder@1.0.13
198 silly decomposeActions test portfinder@1.0.13
199 silly decomposeActions preinstall portfinder@1.0.13
200 silly decomposeActions build portfinder@1.0.13
201 silly decomposeActions install portfinder@1.0.13
202 silly decomposeActions postinstall portfinder@1.0.13
203 silly decomposeActions finalize portfinder@1.0.13
204 silly executeActions Starting
205 silly install executeActions
206 silly doSerial global-install 0
207 silly doParallel fetch 4
208 verbose lock using /home/ost/.npm/_locks/staging-7ecf85b274306c5f.lock for /var/www/html/IDE/node_modules/.staging
209 silly doParallel extract 4
210 silly extract bindings@1.2.1
211 silly extract nan@2.4.0
212 silly extract bufferutil@1.3.0
213 silly extract portfinder@1.0.13
214 verbose unbuild node_modules/.staging/bindings-53301138
215 verbose unbuild node_modules/.staging/nan-98b66dbb
216 verbose unbuild node_modules/.staging/bufferutil-c6152942
217 verbose unbuild node_modules/.staging/portfinder-7771c3b3
218 silly gentlyRm /var/www/html/IDE/node_modules/.staging/bindings-53301138 is being purged from base /var/www/html/IDE
219 verbose gentlyRm don't care about contents; nuking /var/www/html/IDE/node_modules/.staging/bindings-53301138
220 silly gentlyRm /var/www/html/IDE/node_modules/.staging/nan-98b66dbb is being purged from base /var/www/html/IDE
221 verbose gentlyRm don't care about contents; nuking /var/www/html/IDE/node_modules/.staging/nan-98b66dbb
222 silly gentlyRm /var/www/html/IDE/node_modules/.staging/bufferutil-c6152942 is being purged from base /var/www/html/IDE
223 verbose gentlyRm don't care about contents; nuking /var/www/html/IDE/node_modules/.staging/bufferutil-c6152942
224 silly gentlyRm /var/www/html/IDE/node_modules/.staging/portfinder-7771c3b3 is being purged from base /var/www/html/IDE
225 verbose gentlyRm don't care about contents; nuking /var/www/html/IDE/node_modules/.staging/portfinder-7771c3b3
226 verbose tar unpack /home/ost/.npm/bindings/1.2.1/package.tgz
227 verbose tar unpacking to /var/www/html/IDE/node_modules/.staging/bindings-53301138
228 silly gentlyRm /var/www/html/IDE/node_modules/.staging/bindings-53301138 is being purged
229 verbose gentlyRm don't care about contents; nuking /var/www/html/IDE/node_modules/.staging/bindings-53301138
230 verbose tar unpack /home/ost/.npm/nan/2.4.0/package.tgz
231 verbose tar unpacking to /var/www/html/IDE/node_modules/.staging/nan-98b66dbb
232 silly gentlyRm /var/www/html/IDE/node_modules/.staging/nan-98b66dbb is being purged
233 verbose gentlyRm don't care about contents; nuking /var/www/html/IDE/node_modules/.staging/nan-98b66dbb
234 verbose tar unpack /home/ost/.npm/bufferutil/1.3.0/package.tgz
235 verbose tar unpacking to /var/www/html/IDE/node_modules/.staging/bufferutil-c6152942
236 silly gentlyRm /var/www/html/IDE/node_modules/.staging/bufferutil-c6152942 is being purged
237 verbose gentlyRm don't care about contents; nuking /var/www/html/IDE/node_modules/.staging/bufferutil-c6152942
238 verbose tar unpack /home/ost/.npm/portfinder/1.0.13/package.tgz
239 verbose tar unpacking to /var/www/html/IDE/node_modules/.staging/portfinder-7771c3b3
240 silly gentlyRm /var/www/html/IDE/node_modules/.staging/portfinder-7771c3b3 is being purged
241 verbose gentlyRm don't care about contents; nuking /var/www/html/IDE/node_modules/.staging/portfinder-7771c3b3
242 silly gunzTarPerm modes [ '775', '664' ]
243 silly gunzTarPerm modes [ '775', '664' ]
244 silly gunzTarPerm modes [ '775', '664' ]
245 silly gunzTarPerm modes [ '775', '664' ]
246 silly gunzTarPerm extractEntry package.json
247 silly gunzTarPerm modified mode [ 'package.json', 420, 436 ]
248 silly gunzTarPerm extractEntry package.json
249 silly gunzTarPerm extractEntry package.json
250 silly gunzTarPerm modified mode [ 'package.json', 420, 436 ]
251 silly gunzTarPerm extractEntry package.json
252 silly gunzTarPerm modified mode [ 'package.json', 420, 436 ]
253 silly gunzTarPerm extractEntry README.md
254 silly gunzTarPerm modified mode [ 'README.md', 420, 436 ]
255 silly gunzTarPerm extractEntry bindings.js
256 silly gunzTarPerm modified mode [ 'bindings.js', 420, 436 ]
257 silly gunzTarPerm extractEntry README.md
258 silly gunzTarPerm extractEntry README.md
259 silly gunzTarPerm modified mode [ 'README.md', 420, 436 ]
260 silly gunzTarPerm extractEntry LICENSE
261 silly gunzTarPerm modified mode [ 'LICENSE', 420, 436 ]
262 silly gunzTarPerm extractEntry README.md
263 silly gunzTarPerm modified mode [ 'README.md', 420, 436 ]
264 silly gunzTarPerm extractEntry LICENSE
265 silly gunzTarPerm modified mode [ 'LICENSE', 420, 436 ]
266 silly gunzTarPerm extractEntry include_dirs.js
267 silly gunzTarPerm extractEntry lib/portfinder.js
268 silly gunzTarPerm modified mode [ 'lib/portfinder.js', 420, 436 ]
269 silly gunzTarPerm extractEntry lib/portfinder.d.ts
270 silly gunzTarPerm modified mode [ 'lib/portfinder.d.ts', 420, 436 ]
271 silly gunzTarPerm extractEntry nan_callbacks_pre_12_inl.h
272 silly gunzTarPerm extractEntry CHANGELOG.md
273 silly gunzTarPerm extractEntry LICENSE.md
274 silly gunzTarPerm extractEntry fallback.js
275 silly gunzTarPerm modified mode [ 'fallback.js', 420, 436 ]
276 silly gunzTarPerm extractEntry index.js
277 silly gunzTarPerm modified mode [ 'index.js', 420, 436 ]
278 silly gunzTarPerm extractEntry doc/node_misc.md
279 silly gunzTarPerm extractEntry binding.gyp
280 silly gunzTarPerm modified mode [ 'binding.gyp', 420, 436 ]
281 silly gunzTarPerm extractEntry src/bufferutil.cc
282 silly gunzTarPerm modified mode [ 'src/bufferutil.cc', 420, 436 ]
283 silly gunzTarPerm extractEntry doc/asyncworker.md
284 silly gunzTarPerm extractEntry doc/callback.md
285 silly gunzTarPerm extractEntry doc/converters.md
286 silly gunzTarPerm extractEntry doc/errors.md
287 silly gunzTarPerm extractEntry doc/maybe_types.md
288 silly gunzTarPerm extractEntry doc/methods.md
289 silly gentlyRm /var/www/html/IDE/node_modules/.staging/bindings-53301138/node_modules is being purged
290 verbose gentlyRm don't care about contents; nuking /var/www/html/IDE/node_modules/.staging/bindings-53301138/node_modules
291 silly gunzTarPerm extractEntry doc/new.md
292 silly gunzTarPerm extractEntry doc/buffers.md
293 silly gunzTarPerm extractEntry doc/object_wrappers.md
294 silly gunzTarPerm extractEntry doc/persistent.md
295 silly gentlyRm /var/www/html/IDE/node_modules/.staging/portfinder-7771c3b3/node_modules is being purged
296 verbose gentlyRm don't care about contents; nuking /var/www/html/IDE/node_modules/.staging/portfinder-7771c3b3/node_modules
297 silly gunzTarPerm extractEntry doc/scopes.md
298 silly gunzTarPerm extractEntry doc/script.md
299 silly gentlyRm /var/www/html/IDE/node_modules/.staging/bufferutil-c6152942/node_modules is being purged
300 verbose gentlyRm don't care about contents; nuking /var/www/html/IDE/node_modules/.staging/bufferutil-c6152942/node_modules
301 silly gunzTarPerm extractEntry doc/string_bytes.md
302 silly gunzTarPerm extractEntry doc/v8_internals.md
303 silly gunzTarPerm extractEntry doc/v8_misc.md
304 silly gunzTarPerm extractEntry nan.h
305 silly gunzTarPerm extractEntry nan_callbacks.h
306 silly gunzTarPerm extractEntry nan_callbacks_12_inl.h
307 silly gunzTarPerm extractEntry nan_converters.h
308 silly gunzTarPerm extractEntry nan_converters_43_inl.h
309 silly gunzTarPerm extractEntry nan_converters_pre_43_inl.h
310 silly gunzTarPerm extractEntry nan_implementation_12_inl.h
311 silly gunzTarPerm extractEntry nan_implementation_pre_12_inl.h
312 silly gunzTarPerm extractEntry nan_maybe_43_inl.h
313 silly gunzTarPerm extractEntry nan_maybe_pre_43_inl.h
314 silly gunzTarPerm extractEntry nan_new.h
315 silly gunzTarPerm extractEntry nan_object_wrap.h
316 silly gunzTarPerm extractEntry nan_persistent_12_inl.h
317 silly gunzTarPerm extractEntry nan_persistent_pre_12_inl.h
318 silly gunzTarPerm extractEntry nan_string_bytes.h
319 silly gunzTarPerm extractEntry nan_typedarray_contents.h
320 silly gunzTarPerm extractEntry nan_weak.h
321 silly gunzTarPerm extractEntry tools/package.json
322 silly gunzTarPerm extractEntry tools/README.md
323 silly gunzTarPerm extractEntry tools/1to2.js
324 silly gentlyRm /var/www/html/IDE/node_modules/.staging/nan-98b66dbb/node_modules is being purged
325 verbose gentlyRm don't care about contents; nuking /var/www/html/IDE/node_modules/.staging/nan-98b66dbb/node_modules
326 silly doParallel preinstall 4
327 silly preinstall bindings@1.2.1 /var/www/html/IDE/node_modules/.staging/bindings-53301138
328 info lifecycle bindings@1.2.1~preinstall: bindings@1.2.1
329 silly preinstall nan@2.4.0 /var/www/html/IDE/node_modules/.staging/nan-98b66dbb
330 info lifecycle nan@2.4.0~preinstall: nan@2.4.0
331 silly preinstall bufferutil@1.3.0 /var/www/html/IDE/node_modules/.staging/bufferutil-c6152942
332 info lifecycle bufferutil@1.3.0~preinstall: bufferutil@1.3.0
333 silly preinstall portfinder@1.0.13 /var/www/html/IDE/node_modules/.staging/portfinder-7771c3b3
334 info lifecycle portfinder@1.0.13~preinstall: portfinder@1.0.13
335 silly lifecycle bindings@1.2.1~preinstall: no script for preinstall, continuing
336 silly lifecycle nan@2.4.0~preinstall: no script for preinstall, continuing
337 silly lifecycle bufferutil@1.3.0~preinstall: no script for preinstall, continuing
338 silly lifecycle portfinder@1.0.13~preinstall: no script for preinstall, continuing
339 silly doReverseSerial remove 0
340 silly doSerial move 0
341 silly doSerial finalize 4
342 silly finalize /var/www/html/IDE/node_modules/bindings
343 silly finalize /var/www/html/IDE/node_modules/nan
344 silly finalize /var/www/html/IDE/node_modules/bufferutil
345 silly finalize /var/www/html/IDE/node_modules/portfinder
346 silly doSerial build 4
347 silly build bindings@1.2.1
348 info linkStuff bindings@1.2.1
349 silly linkStuff bindings@1.2.1 has /var/www/html/IDE/node_modules as its parent node_modules
350 verbose linkBins bindings@1.2.1
351 verbose linkMans bindings@1.2.1
352 silly build nan@2.4.0
353 info linkStuff nan@2.4.0
354 silly linkStuff nan@2.4.0 has /var/www/html/IDE/node_modules as its parent node_modules
355 verbose linkBins nan@2.4.0
356 verbose linkMans nan@2.4.0
357 silly build bufferutil@1.3.0
358 info linkStuff bufferutil@1.3.0
359 silly linkStuff bufferutil@1.3.0 has /var/www/html/IDE/node_modules as its parent node_modules
360 verbose linkBins bufferutil@1.3.0
361 verbose linkMans bufferutil@1.3.0
362 silly build portfinder@1.0.13
363 info linkStuff portfinder@1.0.13
364 silly linkStuff portfinder@1.0.13 has /var/www/html/IDE/node_modules as its parent node_modules
365 verbose linkBins portfinder@1.0.13
366 verbose linkMans portfinder@1.0.13
367 silly doSerial global-link 0
368 silly doParallel update-linked 0
369 silly doSerial install 4
370 silly install bindings@1.2.1 /var/www/html/IDE/node_modules/.staging/bindings-53301138
371 info lifecycle bindings@1.2.1~install: bindings@1.2.1
372 silly lifecycle bindings@1.2.1~install: no script for install, continuing
373 silly install nan@2.4.0 /var/www/html/IDE/node_modules/.staging/nan-98b66dbb
374 info lifecycle nan@2.4.0~install: nan@2.4.0
375 silly lifecycle nan@2.4.0~install: no script for install, continuing
376 silly install bufferutil@1.3.0 /var/www/html/IDE/node_modules/.staging/bufferutil-c6152942
377 info lifecycle bufferutil@1.3.0~install: bufferutil@1.3.0
378 verbose lifecycle bufferutil@1.3.0~install: unsafe-perm in lifecycle true
379 verbose lifecycle bufferutil@1.3.0~install: PATH: /usr/share/npm/bin/node-gyp-bin:/var/www/html/IDE/node_modules/bufferutil/node_modules/.bin:/var/www/html/IDE/node_modules/.bin:/usr/local/sbin:/usr/local/bin:/usr/sbin:/usr/bin:/sbin:/bin:/usr/games:/usr/local/games:/snap/bin
380 verbose lifecycle bufferutil@1.3.0~install: CWD: /var/www/html/IDE/node_modules/bufferutil
381 silly lifecycle bufferutil@1.3.0~install: Args: [ '-c', 'node-gyp rebuild' ]
382 silly lifecycle bufferutil@1.3.0~install: Returned: code: 1  signal: null
383 info lifecycle bufferutil@1.3.0~install: Failed to exec install script
384 verbose unlock done using /home/ost/.npm/_locks/staging-7ecf85b274306c5f.lock for /var/www/html/IDE/node_modules/.staging
385 silly rollbackFailedOptional Starting
386 silly rollbackFailedOptional Finishing
387 silly runTopLevelLifecycles Starting
388 silly runTopLevelLifecycles Finishing
389 silly install printInstalled
390 warn enoent ENOENT: no such file or directory, open '/var/www/html/IDE/package.json'
391 warn IDE No description
392 warn IDE No repository field.
393 warn IDE No README data
394 warn IDE No license field.
395 verbose stack Error: bufferutil@1.3.0 install: `node-gyp rebuild`
395 verbose stack Exit status 1
395 verbose stack     at EventEmitter.<anonymous> (/usr/share/npm/lib/utils/lifecycle.js:232:16)
395 verbose stack     at emitTwo (events.js:87:13)
395 verbose stack     at EventEmitter.emit (events.js:172:7)
395 verbose stack     at ChildProcess.<anonymous> (/usr/share/npm/lib/utils/spawn.js:24:14)
395 verbose stack     at emitTwo (events.js:87:13)
395 verbose stack     at ChildProcess.emit (events.js:172:7)
395 verbose stack     at maybeClose (internal/child_process.js:821:16)
395 verbose stack     at Process.ChildProcess._handle.onexit (internal/child_process.js:211:5)
396 verbose pkgid bufferutil@1.3.0
397 verbose cwd /var/www/html/IDE
398 error Linux 4.4.0-59-generic
399 error argv "/usr/bin/nodejs" "/usr/bin/npm" "install" "--save" "bufferutil"
400 error node v4.2.6
401 error npm  v3.5.2
402 error code ELIFECYCLE
403 error bufferutil@1.3.0 install: `node-gyp rebuild`
403 error Exit status 1
404 error Failed at the bufferutil@1.3.0 install script 'node-gyp rebuild'.
404 error Make sure you have the latest version of node.js and npm installed.
404 error If you do, this is most likely a problem with the bufferutil package,
404 error not with npm itself.
404 error Tell the author that this fails on your system:
404 error     node-gyp rebuild
404 error You can get information on how to open an issue for this project with:
404 error     npm bugs bufferutil
404 error Or if that isn't available, you can get their info via:
404 error     npm owner ls bufferutil
404 error There is likely additional logging output above.
405 verbose exit [ 1, true ]
